0 info it worked if it ends with ok
1 verbose cli [ 'C:\\Program Files\\nodejs\\node.exe',
1 verbose cli   'C:\\Program Files\\nodejs\\node_modules\\npm\\bin\\npm-cli.js',
1 verbose cli   'install',
1 verbose cli   'node' ]
2 info using npm@3.10.10
3 info using node@v6.11.2
4 silly loadCurrentTree Starting
5 silly install loadCurrentTree
6 silly install readLocalPackageData
7 silly fetchPackageMetaData node
8 silly fetchNamedPackageData node
9 silly mapToRegistry name node
10 silly mapToRegistry using default registry
11 silly mapToRegistry registry https://registry.npmjs.org/
12 silly mapToRegistry data Result {
12 silly mapToRegistry   raw: 'node',
12 silly mapToRegistry   scope: null,
12 silly mapToRegistry   escapedName: 'node',
12 silly mapToRegistry   name: 'node',
12 silly mapToRegistry   rawSpec: '',
12 silly mapToRegistry   spec: 'latest',
12 silly mapToRegistry   type: 'tag' }
13 silly mapToRegistry uri https://registry.npmjs.org/node
14 verbose request uri https://registry.npmjs.org/node
15 verbose request no auth needed
16 info attempt registry request try #1 at 10:39:05 PM
17 verbose request id e1e684d93ca0f73e
18 http request GET https://registry.npmjs.org/node
19 http 200 https://registry.npmjs.org/node
20 verbose headers { server: 'nginx/1.10.1',
20 verbose headers   'content-type': 'application/json',
20 verbose headers   'last-modified': 'Thu, 28 Sep 2017 22:13:50 GMT',
20 verbose headers   etag: 'W/"59cd741e-4e34a"',
20 verbose headers   'content-encoding': 'gzip',
20 verbose headers   'cache-control': 'max-age=300',
20 verbose headers   'content-length': '51508',
20 verbose headers   'accept-ranges': 'bytes',
20 verbose headers   date: 'Thu, 05 Oct 2017 02:39:07 GMT',
20 verbose headers   via: '1.1 varnish',
20 verbose headers   age: '0',
20 verbose headers   connection: 'keep-alive',
20 verbose headers   'x-served-by': 'cache-pdk17848-PDK',
20 verbose headers   'x-cache': 'MISS',
20 verbose headers   'x-cache-hits': '0',
20 verbose headers   'x-timer': 'S1507171147.269058,VS0,VE37',
20 verbose headers   vary: 'Accept-Encoding, Accept' }
21 silly get cb [ 200,
21 silly get   { server: 'nginx/1.10.1',
21 silly get     'content-type': 'application/json',
21 silly get     'last-modified': 'Thu, 28 Sep 2017 22:13:50 GMT',
21 silly get     etag: 'W/"59cd741e-4e34a"',
21 silly get     'content-encoding': 'gzip',
21 silly get     'cache-control': 'max-age=300',
21 silly get     'content-length': '51508',
21 silly get     'accept-ranges': 'bytes',
21 silly get     date: 'Thu, 05 Oct 2017 02:39:07 GMT',
21 silly get     via: '1.1 varnish',
21 silly get     age: '0',
21 silly get     connection: 'keep-alive',
21 silly get     'x-served-by': 'cache-pdk17848-PDK',
21 silly get     'x-cache': 'MISS',
21 silly get     'x-cache-hits': '0',
21 silly get     'x-timer': 'S1507171147.269058,VS0,VE37',
21 silly get     vary: 'Accept-Encoding, Accept' } ]
22 verbose get saving node to C:\Users\David\AppData\Roaming\npm-cache\registry.npmjs.org\node\.cache.json
23 verbose correctMkdir C:\Users\David\AppData\Roaming\npm-cache correctMkdir not in flight; initializing
24 silly install normalizeTree
25 silly loadCurrentTree Finishing
26 silly loadIdealTree Starting
27 silly install loadIdealTree
28 silly cloneCurrentTree Starting
29 silly install cloneCurrentTreeToIdealTree
30 silly cloneCurrentTree Finishing
31 silly loadShrinkwrap Starting
32 silly install loadShrinkwrap
33 silly loadShrinkwrap Finishing
34 silly loadAllDepsIntoIdealTree Starting
35 silly install loadAllDepsIntoIdealTree
36 silly resolveWithNewModule node@8.3.0 checking installable status
37 silly cache add args [ 'node', null ]
38 verbose cache add spec node
39 silly cache add parsed spec Result {
39 silly cache add   raw: 'node',
39 silly cache add   scope: null,
39 silly cache add   escapedName: 'node',
39 silly cache add   name: 'node',
39 silly cache add   rawSpec: '',
39 silly cache add   spec: 'latest',
39 silly cache add   type: 'tag' }
40 silly addNamed node@latest
41 verbose addNamed "latest" is being treated as a dist-tag for node
42 info addNameTag [ 'node', 'latest' ]
43 silly mapToRegistry name node
44 silly mapToRegistry using default registry
45 silly mapToRegistry registry https://registry.npmjs.org/
46 silly mapToRegistry data Result {
46 silly mapToRegistry   raw: 'node',
46 silly mapToRegistry   scope: null,
46 silly mapToRegistry   escapedName: 'node',
46 silly mapToRegistry   name: 'node',
46 silly mapToRegistry   rawSpec: '',
46 silly mapToRegistry   spec: 'latest',
46 silly mapToRegistry   type: 'tag' }
47 silly mapToRegistry uri https://registry.npmjs.org/node
48 verbose addNameTag registry:https://registry.npmjs.org/node not in flight; fetching
49 verbose get https://registry.npmjs.org/node not expired, no request
50 silly addNameTag next cb for node with tag latest
51 silly addNamed node@8.3.0
52 verbose addNamed "8.3.0" is a plain semver version for node
53 silly mapToRegistry name node
54 silly mapToRegistry using default registry
55 silly mapToRegistry registry https://registry.npmjs.org/
56 silly mapToRegistry data Result {
56 silly mapToRegistry   raw: 'node',
56 silly mapToRegistry   scope: null,
56 silly mapToRegistry   escapedName: 'node',
56 silly mapToRegistry   name: 'node',
56 silly mapToRegistry   rawSpec: '',
56 silly mapToRegistry   spec: 'latest',
56 silly mapToRegistry   type: 'tag' }
57 silly mapToRegistry uri https://registry.npmjs.org/node
58 verbose addRemoteTarball https://registry.npmjs.org/node/-/node-8.3.0.tgz not in flight; adding
59 verbose addRemoteTarball [ 'https://registry.npmjs.org/node/-/node-8.3.0.tgz',
59 verbose addRemoteTarball   '478e84ffcc4be39938306ace1c4613c8231e5f44' ]
60 info retry fetch attempt 1 at 10:39:06 PM
61 info attempt registry request try #1 at 10:39:06 PM
62 http fetch GET https://registry.npmjs.org/node/-/node-8.3.0.tgz
63 http fetch 200 https://registry.npmjs.org/node/-/node-8.3.0.tgz
64 silly fetchAndShaCheck shasum 478e84ffcc4be39938306ace1c4613c8231e5f44
65 verbose addTmpTarball C:\Users\David\AppData\Local\Temp\npm-22356-73544175\registry.npmjs.org\node\-\node-8.3.0.tgz not in flight; adding
66 verbose addTmpTarball already have metadata; skipping unpack for node@8.3.0
67 verbose correctMkdir C:\Users\David\AppData\Roaming\npm-cache correctMkdir not in flight; initializing
68 silly cache afterAdd node@8.3.0
69 verbose afterAdd C:\Users\David\AppData\Roaming\npm-cache\node\8.3.0\package\package.json not in flight; writing
70 verbose correctMkdir C:\Users\David\AppData\Roaming\npm-cache correctMkdir not in flight; initializing
71 verbose afterAdd C:\Users\David\AppData\Roaming\npm-cache\node\8.3.0\package\package.json written
72 silly fetchNamedPackageData node-bin-setup
73 silly mapToRegistry name node-bin-setup
74 silly mapToRegistry using default registry
75 silly mapToRegistry registry https://registry.npmjs.org/
76 silly mapToRegistry data Result {
76 silly mapToRegistry   raw: 'node-bin-setup',
76 silly mapToRegistry   scope: null,
76 silly mapToRegistry   escapedName: 'node-bin-setup',
76 silly mapToRegistry   name: 'node-bin-setup',
76 silly mapToRegistry   rawSpec: '',
76 silly mapToRegistry   spec: 'latest',
76 silly mapToRegistry   type: 'tag' }
77 silly mapToRegistry uri https://registry.npmjs.org/node-bin-setup
78 verbose request uri https://registry.npmjs.org/node-bin-setup
79 verbose request no auth needed
80 info attempt registry request try #1 at 10:39:06 PM
81 http request GET https://registry.npmjs.org/node-bin-setup
82 http 200 https://registry.npmjs.org/node-bin-setup
83 verbose headers { server: 'nginx/1.10.1',
83 verbose headers   'content-type': 'application/json',
83 verbose headers   'last-modified': 'Tue, 25 Jul 2017 03:32:58 GMT',
83 verbose headers   etag: 'W/"5976bbea-1511"',
83 verbose headers   'content-encoding': 'gzip',
83 verbose headers   'cache-control': 'max-age=300',
83 verbose headers   'content-length': '1464',
83 verbose headers   'accept-ranges': 'bytes',
83 verbose headers   date: 'Thu, 05 Oct 2017 02:39:08 GMT',
83 verbose headers   via: '1.1 varnish',
83 verbose headers   age: '0',
83 verbose headers   connection: 'keep-alive',
83 verbose headers   'x-served-by': 'cache-pdk17848-PDK',
83 verbose headers   'x-cache': 'MISS',
83 verbose headers   'x-cache-hits': '0',
83 verbose headers   'x-timer': 'S1507171148.959617,VS0,VE194',
83 verbose headers   vary: 'Accept-Encoding, Accept' }
84 silly get cb [ 200,
84 silly get   { server: 'nginx/1.10.1',
84 silly get     'content-type': 'application/json',
84 silly get     'last-modified': 'Tue, 25 Jul 2017 03:32:58 GMT',
84 silly get     etag: 'W/"5976bbea-1511"',
84 silly get     'content-encoding': 'gzip',
84 silly get     'cache-control': 'max-age=300',
84 silly get     'content-length': '1464',
84 silly get     'accept-ranges': 'bytes',
84 silly get     date: 'Thu, 05 Oct 2017 02:39:08 GMT',
84 silly get     via: '1.1 varnish',
84 silly get     age: '0',
84 silly get     connection: 'keep-alive',
84 silly get     'x-served-by': 'cache-pdk17848-PDK',
84 silly get     'x-cache': 'MISS',
84 silly get     'x-cache-hits': '0',
84 silly get     'x-timer': 'S1507171148.959617,VS0,VE194',
84 silly get     vary: 'Accept-Encoding, Accept' } ]
85 verbose get saving node-bin-setup to C:\Users\David\AppData\Roaming\npm-cache\registry.npmjs.org\node-bin-setup\.cache.json
86 verbose correctMkdir C:\Users\David\AppData\Roaming\npm-cache correctMkdir not in flight; initializing
87 silly resolveWithNewModule node-bin-setup@1.0.6 checking installable status
88 silly cache add args [ 'node-bin-setup@^1.0.0', null ]
89 verbose cache add spec node-bin-setup@^1.0.0
90 silly cache add parsed spec Result {
90 silly cache add   raw: 'node-bin-setup@^1.0.0',
90 silly cache add   scope: null,
90 silly cache add   escapedName: 'node-bin-setup',
90 silly cache add   name: 'node-bin-setup',
90 silly cache add   rawSpec: '^1.0.0',
90 silly cache add   spec: '>=1.0.0 <2.0.0',
90 silly cache add   type: 'range' }
91 silly addNamed node-bin-setup@>=1.0.0 <2.0.0
92 verbose addNamed ">=1.0.0 <2.0.0" is a valid semver range for node-bin-setup
93 silly addNameRange { name: 'node-bin-setup',
93 silly addNameRange   range: '>=1.0.0 <2.0.0',
93 silly addNameRange   hasData: false }
94 silly mapToRegistry name node-bin-setup
95 silly mapToRegistry using default registry
96 silly mapToRegistry registry https://registry.npmjs.org/
97 silly mapToRegistry data Result {
97 silly mapToRegistry   raw: 'node-bin-setup',
97 silly mapToRegistry   scope: null,
97 silly mapToRegistry   escapedName: 'node-bin-setup',
97 silly mapToRegistry   name: 'node-bin-setup',
97 silly mapToRegistry   rawSpec: '',
97 silly mapToRegistry   spec: 'latest',
97 silly mapToRegistry   type: 'tag' }
98 silly mapToRegistry uri https://registry.npmjs.org/node-bin-setup
99 verbose addNameRange registry:https://registry.npmjs.org/node-bin-setup not in flight; fetching
100 verbose get https://registry.npmjs.org/node-bin-setup not expired, no request
101 silly addNameRange number 2 { name: 'node-bin-setup',
101 silly addNameRange   range: '>=1.0.0 <2.0.0',
101 silly addNameRange   hasData: true }
102 silly addNameRange versions [ 'node-bin-setup',
102 silly addNameRange   [ '1.0.0', '1.0.1', '1.0.2', '1.0.3', '1.0.4', '1.0.6' ] ]
103 silly addNamed node-bin-setup@1.0.6
104 verbose addNamed "1.0.6" is a plain semver version for node-bin-setup
105 silly mapToRegistry name node-bin-setup
106 silly mapToRegistry using default registry
107 silly mapToRegistry registry https://registry.npmjs.org/
108 silly mapToRegistry data Result {
108 silly mapToRegistry   raw: 'node-bin-setup',
108 silly mapToRegistry   scope: null,
108 silly mapToRegistry   escapedName: 'node-bin-setup',
108 silly mapToRegistry   name: 'node-bin-setup',
108 silly mapToRegistry   rawSpec: '',
108 silly mapToRegistry   spec: 'latest',
108 silly mapToRegistry   type: 'tag' }
109 silly mapToRegistry uri https://registry.npmjs.org/node-bin-setup
110 verbose addRemoteTarball https://registry.npmjs.org/node-bin-setup/-/node-bin-setup-1.0.6.tgz not in flight; adding
111 verbose addRemoteTarball [ 'https://registry.npmjs.org/node-bin-setup/-/node-bin-setup-1.0.6.tgz',
111 verbose addRemoteTarball   '4b5c9bb937ece702d7069b36ca78af4684677528' ]
112 info retry fetch attempt 1 at 10:39:06 PM
113 info attempt registry request try #1 at 10:39:06 PM
114 http fetch GET https://registry.npmjs.org/node-bin-setup/-/node-bin-setup-1.0.6.tgz
115 http fetch 200 https://registry.npmjs.org/node-bin-setup/-/node-bin-setup-1.0.6.tgz
116 silly fetchAndShaCheck shasum 4b5c9bb937ece702d7069b36ca78af4684677528
117 verbose addTmpTarball C:\Users\David\AppData\Local\Temp\npm-22356-73544175\registry.npmjs.org\node-bin-setup\-\node-bin-setup-1.0.6.tgz not in flight; adding
118 verbose addTmpTarball already have metadata; skipping unpack for node-bin-setup@1.0.6
119 verbose correctMkdir C:\Users\David\AppData\Roaming\npm-cache correctMkdir not in flight; initializing
120 silly cache afterAdd node-bin-setup@1.0.6
121 verbose afterAdd C:\Users\David\AppData\Roaming\npm-cache\node-bin-setup\1.0.6\package\package.json not in flight; writing
122 verbose correctMkdir C:\Users\David\AppData\Roaming\npm-cache correctMkdir not in flight; initializing
123 verbose afterAdd C:\Users\David\AppData\Roaming\npm-cache\node-bin-setup\1.0.6\package\package.json written
124 silly fetchNamedPackageData fsevents
125 silly mapToRegistry name fsevents
126 silly mapToRegistry using default registry
127 silly mapToRegistry registry https://registry.npmjs.org/
128 silly mapToRegistry data Result {
128 silly mapToRegistry   raw: 'fsevents',
128 silly mapToRegistry   scope: null,
128 silly mapToRegistry   escapedName: 'fsevents',
128 silly mapToRegistry   name: 'fsevents',
128 silly mapToRegistry   rawSpec: '',
128 silly mapToRegistry   spec: 'latest',
128 silly mapToRegistry   type: 'tag' }
129 silly mapToRegistry uri https://registry.npmjs.org/fsevents
130 verbose request uri https://registry.npmjs.org/fsevents
131 verbose request no auth needed
132 info attempt registry request try #1 at 10:39:07 PM
133 verbose etag W/"597215e7-dd9a"
134 verbose lastModified Fri, 21 Jul 2017 14:55:35 GMT
135 http request GET https://registry.npmjs.org/fsevents
136 http 304 https://registry.npmjs.org/fsevents
137 verbose headers { date: 'Thu, 05 Oct 2017 02:39:08 GMT',
137 verbose headers   via: '1.1 varnish',
137 verbose headers   'cache-control': 'max-age=300',
137 verbose headers   etag: 'W/"597215e7-dd9a"',
137 verbose headers   age: '275',
137 verbose headers   connection: 'keep-alive',
137 verbose headers   'x-served-by': 'cache-pdk17848-PDK',
137 verbose headers   'x-cache': 'HIT',
137 verbose headers   'x-cache-hits': '1',
137 verbose headers   'x-timer': 'S1507171149.550343,VS0,VE0',
137 verbose headers   vary: 'Accept-Encoding, Accept' }
138 silly get cb [ 304,
138 silly get   { date: 'Thu, 05 Oct 2017 02:39:08 GMT',
138 silly get     via: '1.1 varnish',
138 silly get     'cache-control': 'max-age=300',
138 silly get     etag: 'W/"597215e7-dd9a"',
138 silly get     age: '275',
138 silly get     connection: 'keep-alive',
138 silly get     'x-served-by': 'cache-pdk17848-PDK',
138 silly get     'x-cache': 'HIT',
138 silly get     'x-cache-hits': '1',
138 silly get     'x-timer': 'S1507171149.550343,VS0,VE0',
138 silly get     vary: 'Accept-Encoding, Accept' } ]
139 verbose etag https://registry.npmjs.org/fsevents from cache
140 verbose get saving fsevents to C:\Users\David\AppData\Roaming\npm-cache\registry.npmjs.org\fsevents\.cache.json
141 verbose correctMkdir C:\Users\David\AppData\Roaming\npm-cache correctMkdir not in flight; initializing
142 silly resolveWithNewModule fsevents@1.1.2 checking installable status
143 silly loadAllDepsIntoIdealTree Finishing
144 silly loadIdealTree Finishing
145 silly currentTree mern@1.0.0
145 silly currentTree +-- abbrev@1.1.1
145 silly currentTree +-- accepts@1.3.4
145 silly currentTree +-- ansi-align@2.0.0
145 silly currentTree | +-- ansi-regex@3.0.0
145 silly currentTree | +-- is-fullwidth-code-point@2.0.0
145 silly currentTree | +-- string-width@2.1.1
145 silly currentTree | `-- strip-ansi@4.0.0
145 silly currentTree +-- ansi-regex@0.2.1
145 silly currentTree +-- ansi-styles@1.1.0
145 silly currentTree +-- anymatch@1.3.2
145 silly currentTree +-- arr-diff@2.0.0
145 silly currentTree +-- arr-flatten@1.1.0
145 silly currentTree +-- array-flatten@1.1.1
145 silly currentTree +-- array-unique@0.2.1
145 silly currentTree +-- asap@2.0.6
145 silly currentTree +-- async-each@1.0.1
145 silly currentTree +-- async@2.1.4
145 silly currentTree +-- axios@0.16.2
145 silly currentTree +-- balanced-match@1.0.0
145 silly currentTree +-- binary-extensions@1.10.0
145 silly currentTree +-- bluebird@2.10.2
145 silly currentTree +-- body-parser@1.18.2
145 silly currentTree +-- boxen@1.2.1
145 silly currentTree | +-- ansi-regex@3.0.0
145 silly currentTree | +-- ansi-styles@3.2.0
145 silly currentTree | +-- chalk@2.1.0
145 silly currentTree | +-- has-flag@2.0.0
145 silly currentTree | +-- is-fullwidth-code-point@2.0.0
145 silly currentTree | +-- string-width@2.1.1
145 silly currentTree | +-- strip-ansi@4.0.0
145 silly currentTree | `-- supports-color@4.4.0
145 silly currentTree +-- brace-expansion@1.1.8
145 silly currentTree +-- braces@1.8.5
145 silly currentTree +-- bson@1.0.4
145 silly currentTree +-- buffer-shims@1.0.0
145 silly currentTree +-- bytes@3.0.0
145 silly currentTree +-- camelcase@4.1.0
145 silly currentTree +-- capture-stack-trace@1.0.0
145 silly currentTree +-- chalk@0.5.1
145 silly currentTree | +-- strip-ansi@0.3.0
145 silly currentTree | `-- supports-color@0.2.0
145 silly currentTree +-- chokidar@1.7.0
145 silly currentTree +-- cli-boxes@1.0.0
145 silly currentTree +-- code-point-at@1.1.0
145 silly currentTree +-- color-convert@1.9.0
145 silly currentTree +-- color-name@1.1.3
145 silly currentTree +-- commander@2.6.0
145 silly currentTree +-- concat-map@0.0.1
145 silly currentTree +-- concurrently@3.5.0
145 silly currentTree +-- configstore@3.1.1
145 silly currentTree +-- content-disposition@0.5.2
145 silly currentTree +-- content-type@1.0.4
145 silly currentTree +-- cookie-signature@1.0.6
145 silly currentTree +-- cookie@0.3.1
145 silly currentTree +-- core-js@1.2.7
145 silly currentTree +-- core-util-is@1.0.2
145 silly currentTree +-- create-error-class@3.0.2
145 silly currentTree +-- cross-spawn@5.1.0
145 silly currentTree +-- crypto-random-string@1.0.0
145 silly currentTree +-- date-fns@1.28.5
145 silly currentTree +-- debug@2.6.9
145 silly currentTree +-- deep-extend@0.4.2
145 silly currentTree +-- depd@1.1.1
145 silly currentTree +-- destroy@1.0.4
145 silly currentTree +-- dot-prop@4.2.0
145 silly currentTree +-- duplexer@0.1.1
145 silly currentTree +-- duplexer3@0.1.4
145 silly currentTree +-- ee-first@1.1.1
145 silly currentTree +-- encodeurl@1.0.1
145 silly currentTree +-- encoding@0.1.12
145 silly currentTree +-- es6-promise@3.3.1
145 silly currentTree +-- escape-html@1.0.3
145 silly currentTree +-- escape-string-regexp@1.0.5
145 silly currentTree +-- etag@1.8.1
145 silly currentTree +-- event-stream@3.3.4
145 silly currentTree +-- execa@0.7.0
145 silly currentTree +-- expand-brackets@0.1.5
145 silly currentTree +-- expand-range@1.8.2
145 silly currentTree +-- express@4.16.1
145 silly currentTree +-- extglob@0.3.2
145 silly currentTree +-- fbjs@0.8.16
145 silly currentTree +-- filename-regex@2.0.1
145 silly currentTree +-- fill-range@2.2.3
145 silly currentTree +-- finalhandler@1.1.0
145 silly currentTree +-- follow-redirects@1.2.4
145 silly currentTree +-- for-in@1.0.2
145 silly currentTree +-- for-own@0.1.5
145 silly currentTree +-- forwarded@0.1.2
145 silly currentTree +-- fresh@0.5.2
145 silly currentTree +-- from@0.1.7
145 silly currentTree +-- get-stream@3.0.0
145 silly currentTree +-- glob-base@0.3.0
145 silly currentTree +-- glob-parent@2.0.0
145 silly currentTree +-- got@6.7.1
145 silly currentTree +-- graceful-fs@4.1.11
145 silly currentTree +-- has-ansi@0.1.0
145 silly currentTree +-- has-flag@1.0.0
145 silly currentTree +-- history@4.7.2
145 silly currentTree +-- hoist-non-react-statics@2.3.1
145 silly currentTree +-- hooks-fixed@2.0.0
145 silly currentTree +-- http-errors@1.6.2
145 silly currentTree | `-- setprototypeof@1.0.3
145 silly currentTree +-- iconv-lite@0.4.19
145 silly currentTree +-- ignore-by-default@1.0.1
145 silly currentTree +-- import-lazy@2.1.0
145 silly currentTree +-- imurmurhash@0.1.4
145 silly currentTree +-- inherits@2.0.3
145 silly currentTree +-- ini@1.3.4
145 silly currentTree +-- invariant@2.2.2
145 silly currentTree +-- ipaddr.js@1.5.2
145 silly currentTree +-- is-binary-path@1.0.1
145 silly currentTree +-- is-buffer@1.1.5
145 silly currentTree +-- is-dotfile@1.0.3
145 silly currentTree +-- is-equal-shallow@0.1.3
145 silly currentTree +-- is-extendable@0.1.1
145 silly currentTree +-- is-extglob@1.0.0
145 silly currentTree +-- is-fullwidth-code-point@1.0.0
145 silly currentTree +-- is-glob@2.0.1
145 silly currentTree +-- is-npm@1.0.0
145 silly currentTree +-- is-number@2.1.0
145 silly currentTree +-- is-obj@1.0.1
145 silly currentTree +-- is-posix-bracket@0.1.1
145 silly currentTree +-- is-primitive@2.0.0
145 silly currentTree +-- is-redirect@1.0.0
145 silly currentTree +-- is-retry-allowed@1.1.0
145 silly currentTree +-- is-stream@1.1.0
145 silly currentTree +-- isarray@1.0.0
145 silly currentTree +-- isexe@2.0.0
145 silly currentTree +-- isobject@2.1.0
145 silly currentTree +-- isomorphic-fetch@2.2.1
145 silly currentTree +-- js-tokens@3.0.2
145 silly currentTree +-- kareem@1.5.0
145 silly currentTree +-- kind-of@3.2.2
145 silly currentTree +-- latest-version@3.1.0
145 silly currentTree +-- lodash._baseassign@3.2.0
145 silly currentTree +-- lodash._basecopy@3.0.1
145 silly currentTree +-- lodash._bindcallback@3.0.1
145 silly currentTree +-- lodash._createassigner@3.1.1
145 silly currentTree +-- lodash._getnative@3.9.1
145 silly currentTree +-- lodash._isiterateecall@3.0.9
145 silly currentTree +-- lodash.assign@3.2.0
145 silly currentTree +-- lodash.defaults@3.1.2
145 silly currentTree +-- lodash.isarguments@3.1.0
145 silly currentTree +-- lodash.isarray@3.0.4
145 silly currentTree +-- lodash.keys@3.1.2
145 silly currentTree +-- lodash.restparam@3.6.1
145 silly currentTree +-- lodash@4.17.4
145 silly currentTree +-- loose-envify@1.3.1
145 silly currentTree +-- lowercase-keys@1.0.0
145 silly currentTree +-- lru-cache@4.1.1
145 silly currentTree +-- make-dir@1.0.0
145 silly currentTree +-- map-stream@0.1.0
145 silly currentTree +-- media-typer@0.3.0
145 silly currentTree +-- merge-descriptors@1.0.1
145 silly currentTree +-- methods@1.1.2
145 silly currentTree +-- micromatch@2.3.11
145 silly currentTree +-- mime-db@1.30.0
145 silly currentTree +-- mime-types@2.1.17
145 silly currentTree +-- mime@1.4.1
145 silly currentTree +-- minimatch@3.0.4
145 silly currentTree +-- mongodb-core@2.1.15
145 silly currentTree +-- mongodb@2.2.31
145 silly currentTree | +-- es6-promise@3.2.1
145 silly currentTree | `-- readable-stream@2.2.7
145 silly currentTree +-- mongoose@4.11.13
145 silly currentTree +-- mpath@0.3.0
145 silly currentTree +-- mpromise@0.5.5
145 silly currentTree +-- mquery@2.3.1
145 silly currentTree | +-- debug@2.6.8
145 silly currentTree | `-- sliced@0.0.5
145 silly currentTree +-- ms@2.0.0
145 silly currentTree +-- muri@1.2.2
145 silly currentTree +-- negotiator@0.6.1
145 silly currentTree +-- node-fetch@1.7.3
145 silly currentTree +-- nodemon@1.12.1
145 silly currentTree +-- nopt@1.0.10
145 silly currentTree +-- normalize-path@2.1.1
145 silly currentTree +-- npm-run-path@2.0.2
145 silly currentTree +-- number-is-nan@1.0.1
145 silly currentTree +-- object-assign@4.1.1
145 silly currentTree +-- object.omit@2.0.1
145 silly currentTree +-- on-finished@2.3.0
145 silly currentTree +-- p-finally@1.0.0
145 silly currentTree +-- package-json@4.0.1
145 silly currentTree +-- parse-glob@3.0.4
145 silly currentTree +-- parseurl@1.3.2
145 silly currentTree +-- path-is-absolute@1.0.1
145 silly currentTree +-- path-key@2.0.1
145 silly currentTree +-- path-to-regexp@0.1.7
145 silly currentTree +-- pause-stream@0.0.11
145 silly currentTree +-- pify@2.3.0
145 silly currentTree +-- prepend-http@1.0.4
145 silly currentTree +-- preserve@0.2.0
145 silly currentTree +-- process-nextick-args@1.0.7
145 silly currentTree +-- promise@7.3.1
145 silly currentTree +-- prop-types@15.6.0
145 silly currentTree +-- proxy-addr@2.0.2
145 silly currentTree +-- ps-tree@1.1.0
145 silly currentTree +-- pseudomap@1.0.2
145 silly currentTree +-- qs@6.5.1
145 silly currentTree +-- randomatic@1.1.7
145 silly currentTree | +-- is-number@3.0.0
145 silly currentTree | | `-- kind-of@3.2.2
145 silly currentTree | `-- kind-of@4.0.0
145 silly currentTree +-- range-parser@1.2.0
145 silly currentTree +-- raw-body@2.3.2
145 silly currentTree +-- rc@1.2.1
145 silly currentTree | `-- minimist@1.2.0
145 silly currentTree +-- react-router-dom@4.2.2
145 silly currentTree +-- react-router@4.2.0
145 silly currentTree | +-- isarray@0.0.1
145 silly currentTree | `-- path-to-regexp@1.7.0
145 silly currentTree +-- readable-stream@2.3.3
145 silly currentTree +-- readdirp@2.1.0
145 silly currentTree +-- regex-cache@0.4.4
145 silly currentTree +-- regexp-clone@0.0.1
145 silly currentTree +-- registry-auth-token@3.3.1
145 silly currentTree +-- registry-url@3.1.0
145 silly currentTree +-- remove-trailing-separator@1.1.0
145 silly currentTree +-- repeat-element@1.1.2
145 silly currentTree +-- repeat-string@1.6.1
145 silly currentTree +-- require_optional@1.0.1
145 silly currentTree +-- resolve-from@2.0.0
145 silly currentTree +-- resolve-pathname@2.2.0
145 silly currentTree +-- rx@2.3.24
145 silly currentTree +-- safe-buffer@5.1.1
145 silly currentTree +-- semver-diff@2.1.0
145 silly currentTree +-- semver@5.4.1
145 silly currentTree +-- send@0.16.1
145 silly currentTree +-- serve-static@1.13.1
145 silly currentTree +-- set-immediate-shim@1.0.1
145 silly currentTree +-- setimmediate@1.0.5
145 silly currentTree +-- setprototypeof@1.1.0
145 silly currentTree +-- shebang-command@1.2.0
145 silly currentTree +-- shebang-regex@1.0.0
145 silly currentTree +-- signal-exit@3.0.2
145 silly currentTree +-- sliced@1.0.1
145 silly currentTree +-- spawn-command@0.0.2
145 silly currentTree +-- split@0.3.3
145 silly currentTree +-- statuses@1.3.1
145 silly currentTree +-- stream-combiner@0.0.4
145 silly currentTree +-- string_decoder@1.0.3
145 silly currentTree +-- string-width@1.0.2
145 silly currentTree +-- strip-ansi@3.0.1
145 silly currentTree | `-- ansi-regex@2.1.1
145 silly currentTree +-- strip-eof@1.0.0
145 silly currentTree +-- strip-json-comments@2.0.1
145 silly currentTree +-- supports-color@3.2.3
145 silly currentTree +-- term-size@1.2.0
145 silly currentTree +-- through@2.3.8
145 silly currentTree +-- timed-out@4.0.1
145 silly currentTree +-- touch@3.1.0
145 silly currentTree +-- tree-kill@1.2.0
145 silly currentTree +-- type-is@1.6.15
145 silly currentTree +-- ua-parser-js@0.7.14
145 silly currentTree +-- undefsafe@0.0.3
145 silly currentTree +-- unique-string@1.0.0
145 silly currentTree +-- unpipe@1.0.0
145 silly currentTree +-- unzip-response@2.0.1
145 silly currentTree +-- update-notifier@2.2.0
145 silly currentTree | +-- ansi-regex@2.1.1
145 silly currentTree | +-- ansi-styles@2.2.1
145 silly currentTree | +-- chalk@1.1.3
145 silly currentTree | +-- has-ansi@2.0.0
145 silly currentTree | `-- supports-color@2.0.0
145 silly currentTree +-- url-parse-lax@1.0.0
145 silly currentTree +-- util-deprecate@1.0.2
145 silly currentTree +-- utils-merge@1.0.1
145 silly currentTree +-- value-equal@0.4.0
145 silly currentTree +-- vary@1.1.2
145 silly currentTree +-- warning@3.0.0
145 silly currentTree +-- whatwg-fetch@2.0.3
145 silly currentTree +-- which@1.3.0
145 silly currentTree +-- widest-line@1.0.0
145 silly currentTree +-- write-file-atomic@2.3.0
145 silly currentTree +-- xdg-basedir@3.0.0
145 silly currentTree `-- yallist@2.1.2
146 silly idealTree mern@1.0.0
146 silly idealTree +-- abbrev@1.1.1
146 silly idealTree +-- accepts@1.3.4
146 silly idealTree +-- ansi-align@2.0.0
146 silly idealTree | +-- ansi-regex@3.0.0
146 silly idealTree | +-- is-fullwidth-code-point@2.0.0
146 silly idealTree | +-- string-width@2.1.1
146 silly idealTree | `-- strip-ansi@4.0.0
146 silly idealTree +-- ansi-regex@0.2.1
146 silly idealTree +-- ansi-styles@1.1.0
146 silly idealTree +-- anymatch@1.3.2
146 silly idealTree +-- arr-diff@2.0.0
146 silly idealTree +-- arr-flatten@1.1.0
146 silly idealTree +-- array-flatten@1.1.1
146 silly idealTree +-- array-unique@0.2.1
146 silly idealTree +-- asap@2.0.6
146 silly idealTree +-- async-each@1.0.1
146 silly idealTree +-- async@2.1.4
146 silly idealTree +-- axios@0.16.2
146 silly idealTree +-- balanced-match@1.0.0
146 silly idealTree +-- binary-extensions@1.10.0
146 silly idealTree +-- bluebird@2.10.2
146 silly idealTree +-- body-parser@1.18.2
146 silly idealTree +-- boxen@1.2.1
146 silly idealTree | +-- ansi-regex@3.0.0
146 silly idealTree | +-- ansi-styles@3.2.0
146 silly idealTree | +-- chalk@2.1.0
146 silly idealTree | +-- has-flag@2.0.0
146 silly idealTree | +-- is-fullwidth-code-point@2.0.0
146 silly idealTree | +-- string-width@2.1.1
146 silly idealTree | +-- strip-ansi@4.0.0
146 silly idealTree | `-- supports-color@4.4.0
146 silly idealTree +-- brace-expansion@1.1.8
146 silly idealTree +-- braces@1.8.5
146 silly idealTree +-- bson@1.0.4
146 silly idealTree +-- buffer-shims@1.0.0
146 silly idealTree +-- bytes@3.0.0
146 silly idealTree +-- camelcase@4.1.0
146 silly idealTree +-- capture-stack-trace@1.0.0
146 silly idealTree +-- chalk@0.5.1
146 silly idealTree | +-- strip-ansi@0.3.0
146 silly idealTree | `-- supports-color@0.2.0
146 silly idealTree +-- chokidar@1.7.0
146 silly idealTree +-- cli-boxes@1.0.0
146 silly idealTree +-- code-point-at@1.1.0
146 silly idealTree +-- color-convert@1.9.0
146 silly idealTree +-- color-name@1.1.3
146 silly idealTree +-- commander@2.6.0
146 silly idealTree +-- concat-map@0.0.1
146 silly idealTree +-- concurrently@3.5.0
146 silly idealTree +-- configstore@3.1.1
146 silly idealTree +-- content-disposition@0.5.2
146 silly idealTree +-- content-type@1.0.4
146 silly idealTree +-- cookie-signature@1.0.6
146 silly idealTree +-- cookie@0.3.1
146 silly idealTree +-- core-js@1.2.7
146 silly idealTree +-- core-util-is@1.0.2
146 silly idealTree +-- create-error-class@3.0.2
146 silly idealTree +-- cross-spawn@5.1.0
146 silly idealTree +-- crypto-random-string@1.0.0
146 silly idealTree +-- date-fns@1.28.5
146 silly idealTree +-- debug@2.6.9
146 silly idealTree +-- deep-extend@0.4.2
146 silly idealTree +-- depd@1.1.1
146 silly idealTree +-- destroy@1.0.4
146 silly idealTree +-- dot-prop@4.2.0
146 silly idealTree +-- duplexer@0.1.1
146 silly idealTree +-- duplexer3@0.1.4
146 silly idealTree +-- ee-first@1.1.1
146 silly idealTree +-- encodeurl@1.0.1
146 silly idealTree +-- encoding@0.1.12
146 silly idealTree +-- es6-promise@3.3.1
146 silly idealTree +-- escape-html@1.0.3
146 silly idealTree +-- escape-string-regexp@1.0.5
146 silly idealTree +-- etag@1.8.1
146 silly idealTree +-- event-stream@3.3.4
146 silly idealTree +-- execa@0.7.0
146 silly idealTree +-- expand-brackets@0.1.5
146 silly idealTree +-- expand-range@1.8.2
146 silly idealTree +-- express@4.16.1
146 silly idealTree +-- extglob@0.3.2
146 silly idealTree +-- fbjs@0.8.16
146 silly idealTree +-- filename-regex@2.0.1
146 silly idealTree +-- fill-range@2.2.3
146 silly idealTree +-- finalhandler@1.1.0
146 silly idealTree +-- follow-redirects@1.2.4
146 silly idealTree +-- for-in@1.0.2
146 silly idealTree +-- for-own@0.1.5
146 silly idealTree +-- forwarded@0.1.2
146 silly idealTree +-- fresh@0.5.2
146 silly idealTree +-- from@0.1.7
146 silly idealTree +-- get-stream@3.0.0
146 silly idealTree +-- glob-base@0.3.0
146 silly idealTree +-- glob-parent@2.0.0
146 silly idealTree +-- got@6.7.1
146 silly idealTree +-- graceful-fs@4.1.11
146 silly idealTree +-- has-ansi@0.1.0
146 silly idealTree +-- has-flag@1.0.0
146 silly idealTree +-- history@4.7.2
146 silly idealTree +-- hoist-non-react-statics@2.3.1
146 silly idealTree +-- hooks-fixed@2.0.0
146 silly idealTree +-- http-errors@1.6.2
146 silly idealTree | `-- setprototypeof@1.0.3
146 silly idealTree +-- iconv-lite@0.4.19
146 silly idealTree +-- ignore-by-default@1.0.1
146 silly idealTree +-- import-lazy@2.1.0
146 silly idealTree +-- imurmurhash@0.1.4
146 silly idealTree +-- inherits@2.0.3
146 silly idealTree +-- ini@1.3.4
146 silly idealTree +-- invariant@2.2.2
146 silly idealTree +-- ipaddr.js@1.5.2
146 silly idealTree +-- is-binary-path@1.0.1
146 silly idealTree +-- is-buffer@1.1.5
146 silly idealTree +-- is-dotfile@1.0.3
146 silly idealTree +-- is-equal-shallow@0.1.3
146 silly idealTree +-- is-extendable@0.1.1
146 silly idealTree +-- is-extglob@1.0.0
146 silly idealTree +-- is-fullwidth-code-point@1.0.0
146 silly idealTree +-- is-glob@2.0.1
146 silly idealTree +-- is-npm@1.0.0
146 silly idealTree +-- is-number@2.1.0
146 silly idealTree +-- is-obj@1.0.1
146 silly idealTree +-- is-posix-bracket@0.1.1
146 silly idealTree +-- is-primitive@2.0.0
146 silly idealTree +-- is-redirect@1.0.0
146 silly idealTree +-- is-retry-allowed@1.1.0
146 silly idealTree +-- is-stream@1.1.0
146 silly idealTree +-- isarray@1.0.0
146 silly idealTree +-- isexe@2.0.0
146 silly idealTree +-- isobject@2.1.0
146 silly idealTree +-- isomorphic-fetch@2.2.1
146 silly idealTree +-- js-tokens@3.0.2
146 silly idealTree +-- kareem@1.5.0
146 silly idealTree +-- kind-of@3.2.2
146 silly idealTree +-- latest-version@3.1.0
146 silly idealTree +-- lodash._baseassign@3.2.0
146 silly idealTree +-- lodash._basecopy@3.0.1
146 silly idealTree +-- lodash._bindcallback@3.0.1
146 silly idealTree +-- lodash._createassigner@3.1.1
146 silly idealTree +-- lodash._getnative@3.9.1
146 silly idealTree +-- lodash._isiterateecall@3.0.9
146 silly idealTree +-- lodash.assign@3.2.0
146 silly idealTree +-- lodash.defaults@3.1.2
146 silly idealTree +-- lodash.isarguments@3.1.0
146 silly idealTree +-- lodash.isarray@3.0.4
146 silly idealTree +-- lodash.keys@3.1.2
146 silly idealTree +-- lodash.restparam@3.6.1
146 silly idealTree +-- lodash@4.17.4
146 silly idealTree +-- loose-envify@1.3.1
146 silly idealTree +-- lowercase-keys@1.0.0
146 silly idealTree +-- lru-cache@4.1.1
146 silly idealTree +-- make-dir@1.0.0
146 silly idealTree +-- map-stream@0.1.0
146 silly idealTree +-- media-typer@0.3.0
146 silly idealTree +-- merge-descriptors@1.0.1
146 silly idealTree +-- methods@1.1.2
146 silly idealTree +-- micromatch@2.3.11
146 silly idealTree +-- mime-db@1.30.0
146 silly idealTree +-- mime-types@2.1.17
146 silly idealTree +-- mime@1.4.1
146 silly idealTree +-- minimatch@3.0.4
146 silly idealTree +-- mongodb-core@2.1.15
146 silly idealTree +-- mongodb@2.2.31
146 silly idealTree | +-- es6-promise@3.2.1
146 silly idealTree | `-- readable-stream@2.2.7
146 silly idealTree +-- mongoose@4.11.13
146 silly idealTree +-- mpath@0.3.0
146 silly idealTree +-- mpromise@0.5.5
146 silly idealTree +-- mquery@2.3.1
146 silly idealTree | +-- debug@2.6.8
146 silly idealTree | `-- sliced@0.0.5
146 silly idealTree +-- ms@2.0.0
146 silly idealTree +-- muri@1.2.2
146 silly idealTree +-- negotiator@0.6.1
146 silly idealTree +-- node-bin-setup@1.0.6
146 silly idealTree +-- node-fetch@1.7.3
146 silly idealTree +-- node@8.3.0
146 silly idealTree +-- nodemon@1.12.1
146 silly idealTree +-- nopt@1.0.10
146 silly idealTree +-- normalize-path@2.1.1
146 silly idealTree +-- npm-run-path@2.0.2
146 silly idealTree +-- number-is-nan@1.0.1
146 silly idealTree +-- object-assign@4.1.1
146 silly idealTree +-- object.omit@2.0.1
146 silly idealTree +-- on-finished@2.3.0
146 silly idealTree +-- p-finally@1.0.0
146 silly idealTree +-- package-json@4.0.1
146 silly idealTree +-- parse-glob@3.0.4
146 silly idealTree +-- parseurl@1.3.2
146 silly idealTree +-- path-is-absolute@1.0.1
146 silly idealTree +-- path-key@2.0.1
146 silly idealTree +-- path-to-regexp@0.1.7
146 silly idealTree +-- pause-stream@0.0.11
146 silly idealTree +-- pify@2.3.0
146 silly idealTree +-- prepend-http@1.0.4
146 silly idealTree +-- preserve@0.2.0
146 silly idealTree +-- process-nextick-args@1.0.7
146 silly idealTree +-- promise@7.3.1
146 silly idealTree +-- prop-types@15.6.0
146 silly idealTree +-- proxy-addr@2.0.2
146 silly idealTree +-- ps-tree@1.1.0
146 silly idealTree +-- pseudomap@1.0.2
146 silly idealTree +-- qs@6.5.1
146 silly idealTree +-- randomatic@1.1.7
146 silly idealTree | +-- is-number@3.0.0
146 silly idealTree | | `-- kind-of@3.2.2
146 silly idealTree | `-- kind-of@4.0.0
146 silly idealTree +-- range-parser@1.2.0
146 silly idealTree +-- raw-body@2.3.2
146 silly idealTree +-- rc@1.2.1
146 silly idealTree | `-- minimist@1.2.0
146 silly idealTree +-- react-router-dom@4.2.2
146 silly idealTree +-- react-router@4.2.0
146 silly idealTree | +-- isarray@0.0.1
146 silly idealTree | `-- path-to-regexp@1.7.0
146 silly idealTree +-- readable-stream@2.3.3
146 silly idealTree +-- readdirp@2.1.0
146 silly idealTree +-- regex-cache@0.4.4
146 silly idealTree +-- regexp-clone@0.0.1
146 silly idealTree +-- registry-auth-token@3.3.1
146 silly idealTree +-- registry-url@3.1.0
146 silly idealTree +-- remove-trailing-separator@1.1.0
146 silly idealTree +-- repeat-element@1.1.2
146 silly idealTree +-- repeat-string@1.6.1
146 silly idealTree +-- require_optional@1.0.1
146 silly idealTree +-- resolve-from@2.0.0
146 silly idealTree +-- resolve-pathname@2.2.0
146 silly idealTree +-- rx@2.3.24
146 silly idealTree +-- safe-buffer@5.1.1
146 silly idealTree +-- semver-diff@2.1.0
146 silly idealTree +-- semver@5.4.1
146 silly idealTree +-- send@0.16.1
146 silly idealTree +-- serve-static@1.13.1
146 silly idealTree +-- set-immediate-shim@1.0.1
146 silly idealTree +-- setimmediate@1.0.5
146 silly idealTree +-- setprototypeof@1.1.0
146 silly idealTree +-- shebang-command@1.2.0
146 silly idealTree +-- shebang-regex@1.0.0
146 silly idealTree +-- signal-exit@3.0.2
146 silly idealTree +-- sliced@1.0.1
146 silly idealTree +-- spawn-command@0.0.2
146 silly idealTree +-- split@0.3.3
146 silly idealTree +-- statuses@1.3.1
146 silly idealTree +-- stream-combiner@0.0.4
146 silly idealTree +-- string_decoder@1.0.3
146 silly idealTree +-- string-width@1.0.2
146 silly idealTree +-- strip-ansi@3.0.1
146 silly idealTree | `-- ansi-regex@2.1.1
146 silly idealTree +-- strip-eof@1.0.0
146 silly idealTree +-- strip-json-comments@2.0.1
146 silly idealTree +-- supports-color@3.2.3
146 silly idealTree +-- term-size@1.2.0
146 silly idealTree +-- through@2.3.8
146 silly idealTree +-- timed-out@4.0.1
146 silly idealTree +-- touch@3.1.0
146 silly idealTree +-- tree-kill@1.2.0
146 silly idealTree +-- type-is@1.6.15
146 silly idealTree +-- ua-parser-js@0.7.14
146 silly idealTree +-- undefsafe@0.0.3
146 silly idealTree +-- unique-string@1.0.0
146 silly idealTree +-- unpipe@1.0.0
146 silly idealTree +-- unzip-response@2.0.1
146 silly idealTree +-- update-notifier@2.2.0
146 silly idealTree | +-- ansi-regex@2.1.1
146 silly idealTree | +-- ansi-styles@2.2.1
146 silly idealTree | +-- chalk@1.1.3
146 silly idealTree | +-- has-ansi@2.0.0
146 silly idealTree | `-- supports-color@2.0.0
146 silly idealTree +-- url-parse-lax@1.0.0
146 silly idealTree +-- util-deprecate@1.0.2
146 silly idealTree +-- utils-merge@1.0.1
146 silly idealTree +-- value-equal@0.4.0
146 silly idealTree +-- vary@1.1.2
146 silly idealTree +-- warning@3.0.0
146 silly idealTree +-- whatwg-fetch@2.0.3
146 silly idealTree +-- which@1.3.0
146 silly idealTree +-- widest-line@1.0.0
146 silly idealTree +-- write-file-atomic@2.3.0
146 silly idealTree +-- xdg-basedir@3.0.0
146 silly idealTree `-- yallist@2.1.2
147 silly generateActionsToTake Starting
148 silly install generateActionsToTake
149 silly generateActionsToTake Finishing
150 silly diffTrees action count 2
151 silly diffTrees add node-bin-setup@1.0.6
152 silly diffTrees add node@8.3.0
153 silly decomposeActions action count 16
154 silly decomposeActions fetch node-bin-setup@1.0.6
155 silly decomposeActions extract node-bin-setup@1.0.6
156 silly decomposeActions test node-bin-setup@1.0.6
157 silly decomposeActions preinstall node-bin-setup@1.0.6
158 silly decomposeActions build node-bin-setup@1.0.6
159 silly decomposeActions install node-bin-setup@1.0.6
160 silly decomposeActions postinstall node-bin-setup@1.0.6
161 silly decomposeActions finalize node-bin-setup@1.0.6
162 silly decomposeActions fetch node@8.3.0
163 silly decomposeActions extract node@8.3.0
164 silly decomposeActions test node@8.3.0
165 silly decomposeActions preinstall node@8.3.0
166 silly decomposeActions build node@8.3.0
167 silly decomposeActions install node@8.3.0
168 silly decomposeActions postinstall node@8.3.0
169 silly decomposeActions finalize node@8.3.0
170 silly runTopLevelLifecycles Starting
171 silly executeActions Starting
172 silly install executeActions
173 silly doSerial global-install 0
174 silly doParallel fetch 2
175 verbose correctMkdir C:\Users\David\AppData\Roaming\npm-cache\_locks correctMkdir not in flight; initializing
176 verbose lock using C:\Users\David\AppData\Roaming\npm-cache\_locks\staging-7e83b878954f5ead.lock for C:\Data\Georgia Tech\19-React_Homework\NYT_Search_React\node_modules\.staging
177 silly doParallel extract 2
178 silly extract node-bin-setup@1.0.6
179 silly extract node@8.3.0
180 verbose unbuild node_modules\.staging\node-bin-setup-a724ba73
181 verbose unbuild node_modules\.staging\node-486b27e1
182 silly gentlyRm C:\Data\Georgia Tech\19-React_Homework\NYT_Search_React\node_modules\.staging\node-bin-setup-a724ba73 is being purged from base C:\Data\Georgia Tech\19-React_Homework\NYT_Search_React
183 verbose gentlyRm don't care about contents; nuking C:\Data\Georgia Tech\19-React_Homework\NYT_Search_React\node_modules\.staging\node-bin-setup-a724ba73
184 silly gentlyRm C:\Data\Georgia Tech\19-React_Homework\NYT_Search_React\node_modules\.staging\node-486b27e1 is being purged from base C:\Data\Georgia Tech\19-React_Homework\NYT_Search_React
185 verbose gentlyRm don't care about contents; nuking C:\Data\Georgia Tech\19-React_Homework\NYT_Search_React\node_modules\.staging\node-486b27e1
186 verbose tar unpack C:\Users\David\AppData\Roaming\npm-cache\node-bin-setup\1.0.6\package.tgz
187 verbose tar unpacking to C:\Data\Georgia Tech\19-React_Homework\NYT_Search_React\node_modules\.staging\node-bin-setup-a724ba73
188 silly gentlyRm C:\Data\Georgia Tech\19-React_Homework\NYT_Search_React\node_modules\.staging\node-bin-setup-a724ba73 is being purged
189 verbose gentlyRm don't care about contents; nuking C:\Data\Georgia Tech\19-React_Homework\NYT_Search_React\node_modules\.staging\node-bin-setup-a724ba73
190 verbose tar unpack C:\Users\David\AppData\Roaming\npm-cache\node\8.3.0\package.tgz
191 verbose tar unpacking to C:\Data\Georgia Tech\19-React_Homework\NYT_Search_React\node_modules\.staging\node-486b27e1
192 silly gentlyRm C:\Data\Georgia Tech\19-React_Homework\NYT_Search_React\node_modules\.staging\node-486b27e1 is being purged
193 verbose gentlyRm don't care about contents; nuking C:\Data\Georgia Tech\19-React_Homework\NYT_Search_React\node_modules\.staging\node-486b27e1
194 silly gunzTarPerm modes [ '777', '666' ]
195 silly gunzTarPerm modes [ '777', '666' ]
196 silly gunzTarPerm extractEntry package.json
197 silly gunzTarPerm modified mode [ 'package.json', 420, 438 ]
198 silly gunzTarPerm extractEntry package.json
199 silly gunzTarPerm modified mode [ 'package.json', 420, 438 ]
200 silly gunzTarPerm extractEntry index.js
201 silly gunzTarPerm modified mode [ 'index.js', 420, 438 ]
202 silly gunzTarPerm extractEntry README.md
203 silly gunzTarPerm modified mode [ 'README.md', 420, 438 ]
204 silly gunzTarPerm extractEntry installArchSpecificPackage.js
205 silly gunzTarPerm modified mode [ 'installArchSpecificPackage.js', 420, 438 ]
206 silly gentlyRm C:\Data\Georgia Tech\19-React_Homework\NYT_Search_React\node_modules\.staging\node-bin-setup-a724ba73\node_modules is being purged
207 verbose gentlyRm don't care about contents; nuking C:\Data\Georgia Tech\19-React_Homework\NYT_Search_React\node_modules\.staging\node-bin-setup-a724ba73\node_modules
208 silly gentlyRm C:\Data\Georgia Tech\19-React_Homework\NYT_Search_React\node_modules\.staging\node-486b27e1\node_modules is being purged
209 verbose gentlyRm don't care about contents; nuking C:\Data\Georgia Tech\19-React_Homework\NYT_Search_React\node_modules\.staging\node-486b27e1\node_modules
210 silly doParallel preinstall 2
211 silly preinstall node-bin-setup@1.0.6 C:\Data\Georgia Tech\19-React_Homework\NYT_Search_React\node_modules\.staging\node-bin-setup-a724ba73
212 info lifecycle node-bin-setup@1.0.6~preinstall: node-bin-setup@1.0.6
213 silly preinstall node@8.3.0 C:\Data\Georgia Tech\19-React_Homework\NYT_Search_React\node_modules\.staging\node-486b27e1
214 info lifecycle node@8.3.0~preinstall: node@8.3.0
215 silly lifecycle node-bin-setup@1.0.6~preinstall: no script for preinstall, continuing
216 verbose lifecycle node@8.3.0~preinstall: unsafe-perm in lifecycle true
217 verbose lifecycle node@8.3.0~preinstall: PATH: C:\Program Files\nodejs\node_modules\npm\bin\node-gyp-bin;C:\Data\Georgia Tech\19-React_Homework\NYT_Search_React\node_modules\.staging\node-486b27e1\node_modules\.bin;C:\Data\Georgia Tech\19-React_Homework\NYT_Search_React\node_modules\.bin;C:\Users\David\bin;C:\Program Files (x86)\Git\mingw32\bin;C:\Program Files (x86)\Git\usr\local\bin;C:\Program Files (x86)\Git\usr\bin;C:\Program Files (x86)\Git\usr\bin;C:\Program Files (x86)\Git\mingw32\bin;C:\Program Files (x86)\Git\usr\bin;C:\Users\David\bin;C:\Program Files (x86)\Common Files\Intel\Shared Libraries\redist\intel64\compiler;C:\Windows\system32;C:\Windows;C:\Windows\System32\Wbem;C:\Windows\System32\WindowsPowerShell\v1.0;C:\Program Files (x86)\NVIDIA Corporation\PhysX\Common;C:\WINDOWS\system32;C:\WINDOWS;C:\WINDOWS\System32\Wbem;C:\WINDOWS\System32\WindowsPowerShell\v1.0;C:\Program Files (x86)\Git\cmd;C:\Program Files\nodejs;C:\Program Files\Common Files\Autodesk Shared;C:\Program Files (x86)\Autodesk\Backburner;C:\Users\David\AppData\Local\Microsoft\WindowsApps;C:\Program Files\Heroku\bin;C:\Users\David\AppData\Roaming\npm;C:\Program Files\MongoDB\Server\3.4\bin;C:\Program Files (x86)\Git\usr\bin\vendor_perl;C:\Program Files (x86)\Git\usr\bin\core_perl
218 verbose lifecycle node@8.3.0~preinstall: CWD: C:\Data\Georgia Tech\19-React_Homework\NYT_Search_React\node_modules\.staging\node-486b27e1
219 silly lifecycle node@8.3.0~preinstall: Args: [ '/d /s /c', 'node installArchSpecificPackage' ]
220 silly lifecycle node@8.3.0~preinstall: Returned: code: 1  signal: null
221 info lifecycle node@8.3.0~preinstall: Failed to exec preinstall script
222 verbose unlock done using C:\Users\David\AppData\Roaming\npm-cache\_locks\staging-7e83b878954f5ead.lock for C:\Data\Georgia Tech\19-React_Homework\NYT_Search_React\node_modules\.staging
223 silly rollbackFailedOptional Starting
224 silly rollbackFailedOptional Finishing
225 silly runTopLevelLifecycles Finishing
226 silly install printInstalled
227 warn optional SKIPPING OPTIONAL DEPENDENCY: fsevents@^1.0.0 (node_modules\chokidar\node_modules\fsevents):
228 warn notsup SKIPPING OPTIONAL DEPENDENCY: Unsupported platform for fsevents@1.1.2: wanted {"os":"darwin","arch":"any"} (current: {"os":"win32","arch":"x64"})
229 verbose notsup SKIPPING OPTIONAL DEPENDENCY: Valid OS:    darwin
229 verbose notsup SKIPPING OPTIONAL DEPENDENCY: Valid Arch:  any
229 verbose notsup SKIPPING OPTIONAL DEPENDENCY: Actual OS:   win32
229 verbose notsup SKIPPING OPTIONAL DEPENDENCY: Actual Arch: x64
230 warn react-router@4.2.0 requires a peer of react@>=15 but none was installed.
231 verbose If you need help, you may report this error at:
231 verbose     <https://github.com/npm/npm/issues>
232 warn react-router-dom@4.2.2 requires a peer of react@>=15 but none was installed.
233 verbose If you need help, you may report this error at:
233 verbose     <https://github.com/npm/npm/issues>
234 warn mern@1.0.0 No repository field.
235 verbose If you need help, you may report this error at:
235 verbose     <https://github.com/npm/npm/issues>
236 verbose stack Error: node@8.3.0 preinstall: `node installArchSpecificPackage`
236 verbose stack Exit status 1
236 verbose stack     at EventEmitter.<anonymous> (C:\Program Files\nodejs\node_modules\npm\lib\utils\lifecycle.js:255:16)
236 verbose stack     at emitTwo (events.js:106:13)
236 verbose stack     at EventEmitter.emit (events.js:191:7)
236 verbose stack     at ChildProcess.<anonymous> (C:\Program Files\nodejs\node_modules\npm\lib\utils\spawn.js:40:14)
236 verbose stack     at emitTwo (events.js:106:13)
236 verbose stack     at ChildProcess.emit (events.js:191:7)
236 verbose stack     at maybeClose (internal/child_process.js:891:16)
236 verbose stack     at Process.ChildProcess._handle.onexit (internal/child_process.js:226:5)
237 verbose pkgid node@8.3.0
238 verbose cwd C:\Data\Georgia Tech\19-React_Homework\NYT_Search_React
239 error Windows_NT 10.0.15063
240 error argv "C:\\Program Files\\nodejs\\node.exe" "C:\\Program Files\\nodejs\\node_modules\\npm\\bin\\npm-cli.js" "install" "node"
241 error node v6.11.2
242 error npm  v3.10.10
243 error code ELIFECYCLE
244 error node@8.3.0 preinstall: `node installArchSpecificPackage`
244 error Exit status 1
245 error Failed at the node@8.3.0 preinstall script 'node installArchSpecificPackage'.
245 error Make sure you have the latest version of node.js and npm installed.
245 error If you do, this is most likely a problem with the node package,
245 error not with npm itself.
245 error Tell the author that this fails on your system:
245 error     node installArchSpecificPackage
245 error You can get information on how to open an issue for this project with:
245 error     npm bugs node
245 error Or if that isn't available, you can get their info via:
245 error     npm owner ls node
245 error There is likely additional logging output above.
246 verbose exit [ 1, true ]
